This is pdfTeX, Version 3.141592653-2.6-1.40.24 (TeX Live 2022) (preloaded format=pdflatex 2022.9.29)  15 NOV 2022 11:16
entering extended mode
 restricted \write18 enabled.
 %&-line parsing enabled.
**"pp assignment.tex"
(./pp assignment.tex
LaTeX2e <2022-06-01> patch level 5
L3 programming layer <2022-08-30>
(c:/texlive/2022/texmf-dist/tex/latex/base/article.cls
Document Class: article 2021/10/04 v1.4n Standard LaTeX document class
(c:/texlive/2022/texmf-dist/tex/latex/base/size11.clo
File: size11.clo 2021/10/04 v1.4n Standard LaTeX file (size option)
)
\c@part=\count185
\c@section=\count186
\c@subsection=\count187
\c@subsubsection=\count188
\c@paragraph=\count189
\c@subparagraph=\count190
\c@figure=\count191
\c@table=\count192
\abovecaptionskip=\skip47
\belowcaptionskip=\skip48
\bibindent=\dimen138
)
(c:/texlive/2022/texmf-dist/tex/generic/babel/babel.sty
Package: babel 2022/09/17 3.80 The Babel package
\babel@savecnt=\count193
\U@D=\dimen139
\l@unhyphenated=\language87

(c:/texlive/2022/texmf-dist/tex/generic/babel/txtbabel.def)
\bbl@readstream=\read2
\bbl@dirlevel=\count194
Package babel Info: You haven't specified a language. I'll use 'nil'
(babel)             as the main language. Reported on input line 4446.

(c:/texlive/2022/texmf-dist/tex/generic/babel/nil.ldf
Language: nil 2022/09/17 3.80 Nil language
\l@nil=\language88
))
(c:/texlive/2022/texmf-dist/tex/latex/tools/array.sty
Package: array 2022/03/10 v2.5f Tabular extension package (FMi)
\col@sep=\dimen140
\ar@mcellbox=\box51
\extrarowheight=\dimen141
\NC@list=\toks16
\extratabsurround=\skip49
\backup@length=\skip50
\ar@cellbox=\box52
)
(c:/texlive/2022/texmf-dist/tex/latex/tools/tabularx.sty
Package: tabularx 2020/01/15 v2.11c `tabularx' package (DPC)
\TX@col@width=\dimen142
\TX@old@table=\dimen143
\TX@old@col=\dimen144
\TX@target=\dimen145
\TX@delta=\dimen146
\TX@cols=\count195
\TX@ftn=\toks17
)
(c:/texlive/2022/texmf-dist/tex/latex/fancyhdr/fancyhdr.sty
Package: fancyhdr 2022/05/18 v4.0.3 Extensive control of page headers and foote
rs
\f@nch@headwidth=\skip51
\f@nch@O@elh=\skip52
\f@nch@O@erh=\skip53
\f@nch@O@olh=\skip54
\f@nch@O@orh=\skip55
\f@nch@O@elf=\skip56
\f@nch@O@erf=\skip57
\f@nch@O@olf=\skip58
\f@nch@O@orf=\skip59
)
(c:/texlive/2022/texmf-dist/tex/latex/fancyvrb/fancyvrb.sty
Package: fancyvrb 2022/06/06 4.5 verbatim text (tvz,hv)

(c:/texlive/2022/texmf-dist/tex/latex/graphics/keyval.sty
Package: keyval 2022/05/29 v1.15 key=value parser (DPC)
\KV@toks@=\toks18
)
\FV@CodeLineNo=\count196
\FV@InFile=\read3
\FV@TabBox=\box53
\c@FancyVerbLine=\count197
\FV@StepNumber=\count198
\FV@OutFile=\write3
)
(c:/texlive/2022/texmf-dist/tex/latex/tools/multicol.sty
Package: multicol 2021/11/30 v1.9d multicolumn formatting (FMi)
\c@tracingmulticols=\count199
\mult@box=\box54
\multicol@leftmargin=\dimen147
\c@unbalance=\count266
\c@collectmore=\count267
\doublecol@number=\count268
\multicoltolerance=\count269
\multicolpretolerance=\count270
\full@width=\dimen148
\page@free=\dimen149
\premulticols=\dimen150
\postmulticols=\dimen151
\multicolsep=\skip60
\multicolbaselineskip=\skip61
\partial@page=\box55
\last@line=\box56
\maxbalancingoverflow=\dimen152
\mult@rightbox=\box57
\mult@grightbox=\box58
\mult@firstbox=\box59
\mult@gfirstbox=\box60
\@tempa=\box61
\@tempa=\box62
\@tempa=\box63
\@tempa=\box64
\@tempa=\box65
\@tempa=\box66
\@tempa=\box67
\@tempa=\box68
\@tempa=\box69
\@tempa=\box70
\@tempa=\box71
\@tempa=\box72
\@tempa=\box73
\@tempa=\box74
\@tempa=\box75
\@tempa=\box76
\@tempa=\box77
\@tempa=\box78
\@tempa=\box79
\@tempa=\box80
\@tempa=\box81
\@tempa=\box82
\@tempa=\box83
\@tempa=\box84
\@tempa=\box85
\@tempa=\box86
\@tempa=\box87
\@tempa=\box88
\@tempa=\box89
\@tempa=\box90
\@tempa=\box91
\@tempa=\box92
\@tempa=\box93
\@tempa=\box94
\@tempa=\box95
\@tempa=\box96
\c@minrows=\count271
\c@columnbadness=\count272
\c@finalcolumnbadness=\count273
\last@try=\dimen153
\multicolovershoot=\dimen154
\multicolundershoot=\dimen155
\mult@nat@firstbox=\box97
\colbreak@box=\box98
\mc@col@check@num=\count274
)
(c:/texlive/2022/texmf-dist/tex/latex/listings/listings.sty
\lst@mode=\count275
\lst@gtempboxa=\box99
\lst@token=\toks19
\lst@length=\count276
\lst@currlwidth=\dimen156
\lst@column=\count277
\lst@pos=\count278
\lst@lostspace=\dimen157
\lst@width=\dimen158
\lst@newlines=\count279
\lst@lineno=\count280
\lst@maxwidth=\dimen159

(c:/texlive/2022/texmf-dist/tex/latex/listings/lstmisc.sty
File: lstmisc.sty 2020/03/24 1.8d (Carsten Heinz)
\c@lstnumber=\count281
\lst@skipnumbers=\count282
\lst@framebox=\box100
)
(c:/texlive/2022/texmf-dist/tex/latex/listings/listings.cfg
File: listings.cfg 2020/03/24 1.8d listings configuration
))
Package: listings 2020/03/24 1.8d (Carsten Heinz)

(c:/texlive/2022/texmf-dist/tex/latex/graphics/graphicx.sty
Package: graphicx 2021/09/16 v1.2d Enhanced LaTeX Graphics (DPC,SPQR)

(c:/texlive/2022/texmf-dist/tex/latex/graphics/graphics.sty
Package: graphics 2022/03/10 v1.4e Standard LaTeX Graphics (DPC,SPQR)

(c:/texlive/2022/texmf-dist/tex/latex/graphics/trig.sty
Package: trig 2021/08/11 v1.11 sin cos tan (DPC)
)
(c:/texlive/2022/texmf-dist/tex/latex/graphics-cfg/graphics.cfg
File: graphics.cfg 2016/06/04 v1.11 sample graphics configuration
)
Package graphics Info: Driver file: pdftex.def on input line 107.

(c:/texlive/2022/texmf-dist/tex/latex/graphics-def/pdftex.def
File: pdftex.def 2022/09/22 v1.2b Graphics/color driver for pdftex
\stockwidth=\dimen160
\stockheight=\dimen161
))
\Gin@req@height=\dimen162
\Gin@req@width=\dimen163
)
(c:/texlive/2022/texmf-dist/tex/latex/geometry/geometry.sty
Package: geometry 2020/01/02 v5.9 Page Geometry

(c:/texlive/2022/texmf-dist/tex/generic/iftex/ifvtex.sty
Package: ifvtex 2019/10/25 v1.7 ifvtex legacy package. Use iftex instead.

(c:/texlive/2022/texmf-dist/tex/generic/iftex/iftex.sty
Package: iftex 2022/02/03 v1.0f TeX engine tests
))
\Gm@cnth=\count283
\Gm@cntv=\count284
\c@Gm@tempcnt=\count285
\Gm@bindingoffset=\dimen164
\Gm@wd@mp=\dimen165
\Gm@odd@mp=\dimen166
\Gm@even@mp=\dimen167
\Gm@layoutwidth=\dimen168
\Gm@layoutheight=\dimen169
\Gm@layouthoffset=\dimen170
\Gm@layoutvoffset=\dimen171
\Gm@dimlist=\toks20
)
(c:/texlive/2022/texmf-dist/tex/latex/xcolor/xcolor.sty
Package: xcolor 2022/06/12 v2.14 LaTeX color extensions (UK)

(c:/texlive/2022/texmf-dist/tex/latex/graphics-cfg/color.cfg
File: color.cfg 2016/01/02 v1.6 sample color configuration
)
Package xcolor Info: Driver file: pdftex.def on input line 227.

(c:/texlive/2022/texmf-dist/tex/latex/graphics/mathcolor.ltx)
Package xcolor Info: Model `cmy' substituted by `cmy0' on input line 1353.
Package xcolor Info: Model `hsb' substituted by `rgb' on input line 1357.
Package xcolor Info: Model `RGB' extended on input line 1369.
Package xcolor Info: Model `HTML' substituted by `rgb' on input line 1371.
Package xcolor Info: Model `Hsb' substituted by `hsb' on input line 1372.
Package xcolor Info: Model `tHsb' substituted by `hsb' on input line 1373.
Package xcolor Info: Model `HSB' substituted by `hsb' on input line 1374.
Package xcolor Info: Model `Gray' substituted by `gray' on input line 1375.
Package xcolor Info: Model `wave' substituted by `hsb' on input line 1376.

(c:/texlive/2022/texmf-dist/tex/latex/graphics/dvipsnam.def
File: dvipsnam.def 2016/06/17 v3.0m Driver-dependent file (DPC,SPQR)
))
(c:/texlive/2022/texmf-dist/tex/latex/l3backend/l3backend-pdftex.def
File: l3backend-pdftex.def 2022-08-30 L3 backend support: PDF output (pdfTeX)
\l__color_backend_stack_int=\count286
\l__pdf_internal_box=\box101
)
(./pp assignment.aux)
\openout1 = `"pp assignment.aux"'.

LaTeX Font Info:    Checking defaults for OML/cmm/m/it on input line 27.
LaTeX Font Info:    ... okay on input line 27.
LaTeX Font Info:    Checking defaults for OMS/cmsy/m/n on input line 27.
LaTeX Font Info:    ... okay on input line 27.
LaTeX Font Info:    Checking defaults for OT1/cmr/m/n on input line 27.
LaTeX Font Info:    ... okay on input line 27.
LaTeX Font Info:    Checking defaults for T1/cmr/m/n on input line 27.
LaTeX Font Info:    ... okay on input line 27.
LaTeX Font Info:    Checking defaults for TS1/cmr/m/n on input line 27.
LaTeX Font Info:    ... okay on input line 27.
LaTeX Font Info:    Checking defaults for OMX/cmex/m/n on input line 27.
LaTeX Font Info:    ... okay on input line 27.
LaTeX Font Info:    Checking defaults for U/cmr/m/n on input line 27.
LaTeX Font Info:    ... okay on input line 27.
\c@lstlisting=\count287

(c:/texlive/2022/texmf-dist/tex/context/base/mkii/supp-pdf.mkii
[Loading MPS to PDF converter (version 2006.09.02).]
\scratchcounter=\count288
\scratchdimen=\dimen172
\scratchbox=\box102
\nofMPsegments=\count289
\nofMParguments=\count290
\everyMPshowfont=\toks21
\MPscratchCnt=\count291
\MPscratchDim=\dimen173
\MPnumerator=\count292
\makeMPintoPDFobject=\count293
\everyMPtoPDFconversion=\toks22
) (c:/texlive/2022/texmf-dist/tex/latex/epstopdf-pkg/epstopdf-base.sty
Package: epstopdf-base 2020-01-24 v2.11 Base part for package epstopdf

(c:/texlive/2022/texmf-dist/tex/generic/infwarerr/infwarerr.sty
Package: infwarerr 2019/12/03 v1.5 Providing info/warning/error messages (HO)
)
(c:/texlive/2022/texmf-dist/tex/latex/grfext/grfext.sty
Package: grfext 2019/12/03 v1.3 Manage graphics extensions (HO)

(c:/texlive/2022/texmf-dist/tex/generic/kvdefinekeys/kvdefinekeys.sty
Package: kvdefinekeys 2019-12-19 v1.6 Define keys (HO)
))
(c:/texlive/2022/texmf-dist/tex/latex/kvoptions/kvoptions.sty
Package: kvoptions 2022-06-15 v3.15 Key value format for package options (HO)

(c:/texlive/2022/texmf-dist/tex/generic/ltxcmds/ltxcmds.sty
Package: ltxcmds 2020-05-10 v1.25 LaTeX kernel commands for general use (HO)
)
(c:/texlive/2022/texmf-dist/tex/generic/kvsetkeys/kvsetkeys.sty
Package: kvsetkeys 2019/12/15 v1.18 Key value parser (HO)
))
(c:/texlive/2022/texmf-dist/tex/generic/pdftexcmds/pdftexcmds.sty
Package: pdftexcmds 2020-06-27 v0.33 Utility functions of pdfTeX for LuaTeX (HO
)
Package pdftexcmds Info: \pdf@primitive is available.
Package pdftexcmds Info: \pdf@ifprimitive is available.
Package pdftexcmds Info: \pdfdraftmode found.
)
Package epstopdf-base Info: Redefining graphics rule for `.eps' on input line 4
85.
Package grfext Info: Graphics extension search list:
(grfext)             [.pdf,.png,.jpg,.mps,.jpeg,.jbig2,.jb2,.PDF,.PNG,.JPG,.JPE
G,.JBIG2,.JB2,.eps]
(grfext)             \AppendGraphicsExtensions on input line 504.

(c:/texlive/2022/texmf-dist/tex/latex/latexconfig/epstopdf-sys.cfg
File: epstopdf-sys.cfg 2010/07/13 v1.3 Configuration of (r)epstopdf for TeX Liv
e
))
*geometry* driver: auto-detecting
*geometry* detected driver: pdftex
*geometry* verbose mode - [ preamble ] result:
* driver: pdftex
* paper: a4paper
* layout: <same size as paper>
* layoutoffset:(h,v)=(0.0pt,0.0pt)
* modes: 
* h-part:(L,W,R)=(42.67912pt, 512.14963pt, 42.67912pt)
* v-part:(T,H,B)=(42.67912pt, 759.6886pt, 42.67912pt)
* \paperwidth=597.50787pt
* \paperheight=845.04684pt
* \textwidth=512.14963pt
* \textheight=759.6886pt
* \oddsidemargin=-29.59087pt
* \evensidemargin=-29.59087pt
* \topmargin=-66.59087pt
* \headheight=12.0pt
* \headsep=25.0pt
* \topskip=11.0pt
* \footskip=30.0pt
* \marginparwidth=50.0pt
* \marginparsep=10.0pt
* \columnsep=10.0pt
* \skip\footins=10.0pt plus 4.0pt minus 2.0pt
* \hoffset=0.0pt
* \voffset=0.0pt
* \mag=1000
* \@twocolumnfalse
* \@twosidefalse
* \@mparswitchfalse
* \@reversemarginfalse
* (1in=72.27pt=25.4mm, 1cm=28.453pt)


Package fancyhdr Warning: \headheight is too small (12.0pt): 
(fancyhdr)                Make it at least 13.59999pt, for example:
(fancyhdr)                \setlength{\headheight}{13.59999pt}.
(fancyhdr)                You might also make \topmargin smaller to compensate:

(fancyhdr)                \addtolength{\topmargin}{-1.59999pt}.

[1{c:/texlive/2022/texmf-var/fonts/map/pdftex/updmap/pdftex.map}

]
(c:/texlive/2022/texmf-dist/tex/latex/listings/lstlang1.sty
File: lstlang1.sty 2020/03/24 1.8d listings language file
)
(./bill_generator_with_changes.py
LaTeX Font Info:    Trying to load font information for OMS+cmr on input line 2
4.

(c:/texlive/2022/texmf-dist/tex/latex/base/omscmr.fd
File: omscmr.fd 2019/12/16 v2.5j Standard LaTeX font definitions
)
LaTeX Font Info:    Font shape `OMS/cmr/m/n' in size <10.95> not available
(Font)              Font shape `OMS/cmsy/m/n' tried instead on input line 24.

Overfull \hbox (0.3157pt too wide) in paragraph at lines 36--37
[][][][][][][][][][][][][][][][][][][][][] 
 []


Package fancyhdr Warning: \headheight is too small (12.0pt): 
(fancyhdr)                Make it at least 13.59999pt, for example:
(fancyhdr)                \setlength{\headheight}{13.59999pt}.
(fancyhdr)                You might also make \topmargin smaller to compensate:

(fancyhdr)                \addtolength{\topmargin}{-1.59999pt}.

[2]
Overfull \hbox (20.02591pt too wide) in paragraph at lines 84--87
[][][][][][][][][][][][][][][][][][] 
 []


Overfull \hbox (20.02591pt too wide) in paragraph at lines 94--96
[][][][][][][][][][][][][][][][][][] 
 []


Overfull \hbox (20.02591pt too wide) in paragraph at lines 103--105
[][][][][][][][][][][][][][][][][][] 
 []


Package fancyhdr Warning: \headheight is too small (12.0pt): 
(fancyhdr)                Make it at least 13.59999pt, for example:
(fancyhdr)                \setlength{\headheight}{13.59999pt}.
(fancyhdr)                You might also make \topmargin smaller to compensate:

(fancyhdr)                \addtolength{\topmargin}{-1.59999pt}.

[3]
Overfull \hbox (20.02591pt too wide) in paragraph at lines 112--114
[][][][][][][][][][][][][][][][][][] 
 []


Overfull \hbox (0.3157pt too wide) in paragraph at lines 117--118
[][][][][][][][][][][][][][][][][][][][][] 
 []


Overfull \hbox (20.02591pt too wide) in paragraph at lines 121--123
[][][][][][][][][][][][][][][][][][] 
 []


Overfull \hbox (20.02591pt too wide) in paragraph at lines 130--132
[][][][][][][][][][][][][][][][][][] 
 []


Overfull \hbox (20.02591pt too wide) in paragraph at lines 139--141
[][][][][][][][][][][][][][][][][][] 
 []


Overfull \hbox (20.02591pt too wide) in paragraph at lines 148--150
[][][][][][][][][][][][][][][][][][] 
 []


Overfull \hbox (20.02591pt too wide) in paragraph at lines 157--160
[][][][][][][][][][][][][][][][][][] 
 []


Package fancyhdr Warning: \headheight is too small (12.0pt): 
(fancyhdr)                Make it at least 13.59999pt, for example:
(fancyhdr)                \setlength{\headheight}{13.59999pt}.
(fancyhdr)                You might also make \topmargin smaller to compensate:

(fancyhdr)                \addtolength{\topmargin}{-1.59999pt}.

[4]

Package fancyhdr Warning: \headheight is too small (12.0pt): 
(fancyhdr)                Make it at least 13.59999pt, for example:
(fancyhdr)                \setlength{\headheight}{13.59999pt}.
(fancyhdr)                You might also make \topmargin smaller to compensate:

(fancyhdr)                \addtolength{\topmargin}{-1.59999pt}.

[5]
Overfull \hbox (13.45584pt too wide) in paragraph at lines 225--226
[][][][][][][][][][][][][][][][][][][][][][][][][][][] 
 []


Overfull \hbox (0.3157pt too wide) in paragraph at lines 254--258
[][][][][][][][][][][][][][][][][][][][][][] 
 []


Overfull \hbox (6.88577pt too wide) in paragraph at lines 261--262
[][][][][][][][][][][][][][][][][][][][][][][][][][] 
 []


Overfull \hbox (125.147pt too wide) in paragraph at lines 271--272
[][][][][][][][][][][][][][][][][][][][][][][][][][][][][][][][][] 
 []


Overfull \hbox (20.02591pt too wide) in paragraph at lines 277--278
[][][][][][][][][][][][][][][][][][][][][][][][] 
 []


Package fancyhdr Warning: \headheight is too small (12.0pt): 
(fancyhdr)                Make it at least 13.59999pt, for example:
(fancyhdr)                \setlength{\headheight}{13.59999pt}.
(fancyhdr)                You might also make \topmargin smaller to compensate:

(fancyhdr)                \addtolength{\topmargin}{-1.59999pt}.

[6]
Overfull \hbox (33.16605pt too wide) in paragraph at lines 281--284
[][][][][][][][][][][][][][][][][][][][][][] 
 []


Overfull \hbox (0.3157pt too wide) in paragraph at lines 286--287
[][][][][][][][][][][][][][][][][][][][][][][][][][] 
 []


Overfull \hbox (112.00687pt too wide) in paragraph at lines 296--297
[][][][][][][][][][][][][][][][][][][][][][][][][][][][][][][][][] 
 []


Overfull \hbox (6.88577pt too wide) in paragraph at lines 302--303
[][][][][][][][][][][][][][][][][][][][][][][][] 
 []


Overfull \hbox (20.02591pt too wide) in paragraph at lines 306--308
[][][][][][][][][][][][][][][][][][][][][][] 
 []


Overfull \hbox (13.45584pt too wide) in paragraph at lines 321--322
[][][][][][][][][][][][][][][][][][][][][][][][][][] 
 []


Overfull \hbox (0.3157pt too wide) in paragraph at lines 330--331
[][][][][][][][][][][][][][][][][][][][][][][][][] 
 []


Package fancyhdr Warning: \headheight is too small (12.0pt): 
(fancyhdr)                Make it at least 13.59999pt, for example:
(fancyhdr)                \setlength{\headheight}{13.59999pt}.
(fancyhdr)                You might also make \topmargin smaller to compensate:

(fancyhdr)                \addtolength{\topmargin}{-1.59999pt}.

[7]
Overfull \hbox (13.45584pt too wide) in paragraph at lines 338--339
[][][][][][][][][][][][][][][][][][][][][][][][][][]
 []


Overfull \hbox (39.73611pt too wide) in paragraph at lines 344--345
[][][][][][][][][][][][][][][][][][][][][][][][] 
 []


Overfull \hbox (26.59598pt too wide) in paragraph at lines 348--352
[][][][][][][][][][][][][][][][][][][][][][] 
 []


Overfull \hbox (26.59598pt too wide) in paragraph at lines 366--367
[][][][][][][][][][][][][][][][][][][][][][][][][][]
 []


Overfull \hbox (52.87625pt too wide) in paragraph at lines 372--373
[][][][][][][][][][][][][][][][][][][][][][][][] 
 []


Overfull \hbox (39.73611pt too wide) in paragraph at lines 376--379
[][][][][][][][][][][][][][][][][][][][][][] 
 []


Package fancyhdr Warning: \headheight is too small (12.0pt): 
(fancyhdr)                Make it at least 13.59999pt, for example:
(fancyhdr)                \setlength{\headheight}{13.59999pt}.
(fancyhdr)                You might also make \topmargin smaller to compensate:

(fancyhdr)                \addtolength{\topmargin}{-1.59999pt}.

[8]
Overfull \hbox (118.57693pt too wide) in paragraph at lines 390--391
[][][][][][][][][][][][][][][][][][][][][][][][][][][][][][][][][] 
 []


Overfull \hbox (13.45584pt too wide) in paragraph at lines 396--397
[][][][][][][][][][][][][][][][][][][][][][][][] 
 []


Overfull \hbox (0.3157pt too wide) in paragraph at lines 400--403
[][][][][][][][][][][][][][][][][][][][][][] 
 []


Overfull \hbox (0.3157pt too wide) in paragraph at lines 423--424
[][][][][][][][][][][][][][][][][][][][][][][][][][] 
 []


Overfull \hbox (6.88577pt too wide) in paragraph at lines 433--434
[][][][][][][][][][][][][][][][][][][][][][][][][][]
 []


Overfull \hbox (33.16605pt too wide) in paragraph at lines 439--440
[][][][][][][][][][][][][][][][][][][][][][][][] 
 []


Overfull \hbox (20.02591pt too wide) in paragraph at lines 443--445
[][][][][][][][][][][][][][][][][][][][][][] 
 []


Package fancyhdr Warning: \headheight is too small (12.0pt): 
(fancyhdr)                Make it at least 13.59999pt, for example:
(fancyhdr)                \setlength{\headheight}{13.59999pt}.
(fancyhdr)                You might also make \topmargin smaller to compensate:

(fancyhdr)                \addtolength{\topmargin}{-1.59999pt}.

[9]
Overfull \hbox (6.88577pt too wide) in paragraph at lines 446--447
[][][][][][][][][][][][][][][][][][][][][][][][][][][][][] 
 []


Overfull \hbox (0.3157pt too wide) in paragraph at lines 457--458
[][][][][][][][][][][][][][][][][][][][][][][][][][]
 []


Overfull \hbox (26.59598pt too wide) in paragraph at lines 463--464
[][][][][][][][][][][][][][][][][][][][][][][][] 
 []


Overfull \hbox (13.45584pt too wide) in paragraph at lines 467--470
[][][][][][][][][][][][][][][][][][][][][][] 
 []


Overfull \hbox (118.57693pt too wide) in paragraph at lines 481--482
[][][][][][][][][][][][][][][][][][][][][][][][][][][][][][][][][] 
 []


Overfull \hbox (13.45584pt too wide) in paragraph at lines 487--488
[][][][][][][][][][][][][][][][][][][][][][][][] 
 []


Overfull \hbox (0.3157pt too wide) in paragraph at lines 491--494
[][][][][][][][][][][][][][][][][][][][][][] 
 []


Overfull \hbox (13.45584pt too wide) in paragraph at lines 497--500
[][][][][][][][][][][][][][][][][][][][][][][][][][][][] 
 []


Package fancyhdr Warning: \headheight is too small (12.0pt): 
(fancyhdr)                Make it at least 13.59999pt, for example:
(fancyhdr)                \setlength{\headheight}{13.59999pt}.
(fancyhdr)                You might also make \topmargin smaller to compensate:

(fancyhdr)                \addtolength{\topmargin}{-1.59999pt}.

[10]
Overfull \hbox (105.4368pt too wide) in paragraph at lines 503--504
[][][][][][][][][][][][][][][][][][][][][][][][][][][][][][][] 
 []


Overfull \hbox (203.98782pt too wide) in paragraph at lines 507--509
[][][][][][][][][][][][][][][][][][][][][][][][][] 
 []


Overfull \hbox (6.88577pt too wide) in paragraph at lines 530--531
[][][][][][][][][][][][][][][][][][][][][][][][][][][][][][][][][][][] 
 []


Overfull \hbox (13.45584pt too wide) in paragraph at lines 532--534
[][][][][][][][][][][][][][][][][][][][][][][][][][][][][][] 
 []


Overfull \hbox (6.88577pt too wide) in paragraph at lines 536--538
[][][][][][][][][][][][][][][][][][][][][][][][][][][][][][] 
 []


Overfull \hbox (0.3157pt too wide) in paragraph at lines 538--539
[][][][][][][][][][][][][][][][][][][][][][][][][][][][][][] 
 []


Overfull \hbox (6.88577pt too wide) in paragraph at lines 540--542
[][][][][][][][][][][][][][][][][][][][][][][][][][][][][][] 
 []


Overfull \hbox (0.3157pt too wide) in paragraph at lines 542--543
[][][][][][][][][][][][][][][][][][][][][][][][][][] 
 []


Overfull \hbox (13.45584pt too wide) in paragraph at lines 548--549
[][][][][][][][][][][][][][][][][][][][][][][][][][][][][][][] 
 []


Package fancyhdr Warning: \headheight is too small (12.0pt): 
(fancyhdr)                Make it at least 13.59999pt, for example:
(fancyhdr)                \setlength{\headheight}{13.59999pt}.
(fancyhdr)                You might also make \topmargin smaller to compensate:

(fancyhdr)                \addtolength{\topmargin}{-1.59999pt}.

[11]
Overfull \hbox (6.88577pt too wide) in paragraph at lines 557--558
[][][][][][][][][][][][][][][][][][][][][][][][][][][][][][] 
 []


Overfull \hbox (0.3157pt too wide) in paragraph at lines 565--567
[][][][][][][][][][][][][][][][][][][][][][][][][][][][][][] 
 []


Overfull \hbox (6.88577pt too wide) in paragraph at lines 570--574
[][][][][][][][][][][][][][][][][][][][][][][][][][][][][][] 
 []


Overfull \hbox (26.59598pt too wide) in paragraph at lines 580--581
[][][][][][][][][][][][][][][][][][][][][][][][][][][][] 
 []


Overfull \hbox (0.3157pt too wide) in paragraph at lines 583--585
[][][][][][][][][][][][][][][][][][][][][][] 
 []


Overfull \hbox (85.7266pt too wide) in paragraph at lines 586--587
[][][][][][][][][][][][][][][][][][][][][][][][] 
 []


Overfull \hbox (0.3157pt too wide) in paragraph at lines 594--595
[][][][][][][][][][][][][][][][][][][][][][][][][] 
 []


Overfull \hbox (33.16605pt too wide) in paragraph at lines 596--598
[][][][][][][][][][][][][][][][][][][][][][] 
 []


Overfull \hbox (0.3157pt too wide) in paragraph at lines 602--604
[][][][][][][][][][][][][][][][][][][][][][] 
 []


Overfull \hbox (6.88577pt too wide) in paragraph at lines 609--611
[][][][][][][][][][][][][][][][][][][][][][] 
 []


Package fancyhdr Warning: \headheight is too small (12.0pt): 
(fancyhdr)                Make it at least 13.59999pt, for example:
(fancyhdr)                \setlength{\headheight}{13.59999pt}.
(fancyhdr)                You might also make \topmargin smaller to compensate:

(fancyhdr)                \addtolength{\topmargin}{-1.59999pt}.

[12]
Overfull \hbox (20.02591pt too wide) in paragraph at lines 639--640
[][][][][][][][][][][][][][][][][][][][] 
 []


Overfull \hbox (13.45584pt too wide) in paragraph at lines 649--651
[][][][][][][][][][][][][][][][][][][][][][] 
 []

LaTeX Font Info:    Trying to load font information for OML+cmr on input line 6
61.
(c:/texlive/2022/texmf-dist/tex/latex/base/omlcmr.fd
File: omlcmr.fd 2019/12/16 v2.5j Standard LaTeX font definitions
)
LaTeX Font Info:    Font shape `OML/cmr/m/n' in size <10.95> not available
(Font)              Font shape `OML/cmm/m/it' tried instead on input line 661.


Package fancyhdr Warning: \headheight is too small (12.0pt): 
(fancyhdr)                Make it at least 13.59999pt, for example:
(fancyhdr)                \setlength{\headheight}{13.59999pt}.
(fancyhdr)                You might also make \topmargin smaller to compensate:

(fancyhdr)                \addtolength{\topmargin}{-1.59999pt}.

[13]
Overfull \hbox (6.88577pt too wide) in paragraph at lines 684--685
[][][][][][][][][][][][][][][][][][][][][][][][][][][][][][][][][][][] 
 []


Overfull \hbox (13.45584pt too wide) in paragraph at lines 686--688
[][][][][][][][][][][][][][][][][][][][][][][][][][][][][][] 
 []


Overfull \hbox (6.88577pt too wide) in paragraph at lines 690--692
[][][][][][][][][][][][][][][][][][][][][][][][][][][][][][] 
 []


Overfull \hbox (0.3157pt too wide) in paragraph at lines 692--693
[][][][][][][][][][][][][][][][][][][][][][][][][][][][][][] 
 []


Overfull \hbox (6.88577pt too wide) in paragraph at lines 694--696
[][][][][][][][][][][][][][][][][][][][][][][][][][][][][][] 
 []


Overfull \hbox (0.3157pt too wide) in paragraph at lines 696--697
[][][][][][][][][][][][][][][][][][][][][][][][][][] 
 []


Overfull \hbox (13.45584pt too wide) in paragraph at lines 702--703
[][][][][][][][][][][][][][][][][][][][][][][][][][][][][][][] 
 []


Overfull \hbox (6.88577pt too wide) in paragraph at lines 711--712
[][][][][][][][][][][][][][][][][][][][][][][][][][][][][][] 
 []


Overfull \hbox (0.3157pt too wide) in paragraph at lines 719--721
[][][][][][][][][][][][][][][][][][][][][][][][][][][][][][] 
 []


Package fancyhdr Warning: \headheight is too small (12.0pt): 
(fancyhdr)                Make it at least 13.59999pt, for example:
(fancyhdr)                \setlength{\headheight}{13.59999pt}.
(fancyhdr)                You might also make \topmargin smaller to compensate:

(fancyhdr)                \addtolength{\topmargin}{-1.59999pt}.

[14]
Overfull \hbox (6.88577pt too wide) in paragraph at lines 724--728
[][][][][][][][][][][][][][][][][][][][][][][][][][][][][][] 
 []


Overfull \hbox (184.27762pt too wide) in paragraph at lines 733--734
[][][][][][][][][][][][][][][][][][][][][][][][][][][][][][][][][][][][][][][][
][][][][] 
 []


Overfull \hbox (26.59598pt too wide) in paragraph at lines 738--739
[][][][][][][][][][][][][][][][][][][][][][][][][][][][] 
 []


Overfull \hbox (0.3157pt too wide) in paragraph at lines 741--743
[][][][][][][][][][][][][][][][][][][][][][] 
 []


Overfull \hbox (85.7266pt too wide) in paragraph at lines 744--745
[][][][][][][][][][][][][][][][][][][][][][][][] 
 []


Overfull \hbox (0.3157pt too wide) in paragraph at lines 752--753
[][][][][][][][][][][][][][][][][][][][][][][][][] 
 []


Overfull \hbox (33.16605pt too wide) in paragraph at lines 754--756
[][][][][][][][][][][][][][][][][][][][][][] 
 []


Overfull \hbox (0.3157pt too wide) in paragraph at lines 760--762
[][][][][][][][][][][][][][][][][][][][][][] 
 []


Overfull \hbox (6.88577pt too wide) in paragraph at lines 767--769
[][][][][][][][][][][][][][][][][][][][][][] 
 []


Package fancyhdr Warning: \headheight is too small (12.0pt): 
(fancyhdr)                Make it at least 13.59999pt, for example:
(fancyhdr)                \setlength{\headheight}{13.59999pt}.
(fancyhdr)                You might also make \topmargin smaller to compensate:

(fancyhdr)                \addtolength{\topmargin}{-1.59999pt}.

[15]
Overfull \hbox (0.3157pt too wide) in paragraph at lines 812--813
[][][][][][][][][][][][][][][][][][][][][][][][][][][][][] 
 []


Overfull \hbox (0.3157pt too wide) in paragraph at lines 824--825
[][][][][][][][][][][][][][][][][][][][][][][][][][][][][] 
 []


Package fancyhdr Warning: \headheight is too small (12.0pt): 
(fancyhdr)                Make it at least 13.59999pt, for example:
(fancyhdr)                \setlength{\headheight}{13.59999pt}.
(fancyhdr)                You might also make \topmargin smaller to compensate:

(fancyhdr)                \addtolength{\topmargin}{-1.59999pt}.

[16])

Package fancyhdr Warning: \headheight is too small (12.0pt): 
(fancyhdr)                Make it at least 13.59999pt, for example:
(fancyhdr)                \setlength{\headheight}{13.59999pt}.
(fancyhdr)                You might also make \topmargin smaller to compensate:

(fancyhdr)                \addtolength{\topmargin}{-1.59999pt}.

[17]
<output1.png, id=63, 376.40625pt x 398.99063pt>
File: output1.png Graphic file (type png)
<use output1.png>
Package pdftex.def Info: output1.png  used on input line 101.
(pdftex.def)             Requested size: 376.40532pt x 398.98965pt.
<output2.png, id=64, 869.49844pt x 399.74344pt>
File: output2.png Graphic file (type png)
<use output2.png>
Package pdftex.def Info: output2.png  used on input line 102.
(pdftex.def)             Requested size: 521.7031pt x 239.8479pt.
<output3.png, id=65, 869.49844pt x 398.23781pt>
File: output3.png Graphic file (type png)
<use output3.png>
Package pdftex.def Info: output3.png  used on input line 103.
(pdftex.def)             Requested size: 521.7031pt x 238.94452pt.
<output4.png, id=66, 869.49844pt x 399.74344pt>
File: output4.png Graphic file (type png)
<use output4.png>
Package pdftex.def Info: output4.png  used on input line 104.
(pdftex.def)             Requested size: 521.7031pt x 239.8479pt.
<output5.png, id=67, 867.99281pt x 401.24907pt>
File: output5.png Graphic file (type png)
<use output5.png>
Package pdftex.def Info: output5.png  used on input line 105.
(pdftex.def)             Requested size: 520.7997pt x 240.75128pt.
<output6.png, id=68, 455.45157pt x 512.66531pt>
File: output6.png Graphic file (type png)
<use output6.png>
Package pdftex.def Info: output6.png  used on input line 106.
(pdftex.def)             Requested size: 455.45045pt x 512.66405pt.
<output7.png, id=69, 453.94594pt x 512.66531pt>
File: output7.png Graphic file (type png)
<use output7.png>
Package pdftex.def Info: output7.png  used on input line 107.
(pdftex.def)             Requested size: 453.94482pt x 512.66405pt.
<output8.png, id=70, 450.9347pt x 514.17094pt>
File: output8.png Graphic file (type png)
<use output8.png>
Package pdftex.def Info: output8.png  used on input line 108.
(pdftex.def)             Requested size: 450.9336pt x 514.1697pt.
<output9.png, id=71, 494.59781pt x 449.42906pt>
File: output9.png Graphic file (type png)
<use output9.png>
Package pdftex.def Info: output9.png  used on input line 109.
(pdftex.def)             Requested size: 494.59659pt x 449.42795pt.

Overfull \hbox (9.55347pt too wide) in paragraph at lines 101--110
[] 
 []


Overfull \hbox (9.55347pt too wide) in paragraph at lines 101--110
[] 
 []


Overfull \hbox (9.55347pt too wide) in paragraph at lines 101--110
[] 
 []


Overfull \hbox (8.65007pt too wide) in paragraph at lines 101--110
[] 
 []


Underfull \hbox (badness 10000) in paragraph at lines 101--110

 []


Package fancyhdr Warning: \headheight is too small (12.0pt): 
(fancyhdr)                Make it at least 13.59999pt, for example:
(fancyhdr)                \setlength{\headheight}{13.59999pt}.
(fancyhdr)                You might also make \topmargin smaller to compensate:

(fancyhdr)                \addtolength{\topmargin}{-1.59999pt}.

[18 <./output1.png> <./output2.png>]

Package fancyhdr Warning: \headheight is too small (12.0pt): 
(fancyhdr)                Make it at least 13.59999pt, for example:
(fancyhdr)                \setlength{\headheight}{13.59999pt}.
(fancyhdr)                You might also make \topmargin smaller to compensate:

(fancyhdr)                \addtolength{\topmargin}{-1.59999pt}.

[19 <./output3.png> <./output4.png> <./output5.png>]

Package fancyhdr Warning: \headheight is too small (12.0pt): 
(fancyhdr)                Make it at least 13.59999pt, for example:
(fancyhdr)                \setlength{\headheight}{13.59999pt}.
(fancyhdr)                You might also make \topmargin smaller to compensate:

(fancyhdr)                \addtolength{\topmargin}{-1.59999pt}.

[20 <./output6.png>]

Package fancyhdr Warning: \headheight is too small (12.0pt): 
(fancyhdr)                Make it at least 13.59999pt, for example:
(fancyhdr)                \setlength{\headheight}{13.59999pt}.
(fancyhdr)                You might also make \topmargin smaller to compensate:

(fancyhdr)                \addtolength{\topmargin}{-1.59999pt}.

[21 <./output7.png>]

Package fancyhdr Warning: \headheight is too small (12.0pt): 
(fancyhdr)                Make it at least 13.59999pt, for example:
(fancyhdr)                \setlength{\headheight}{13.59999pt}.
(fancyhdr)                You might also make \topmargin smaller to compensate:

(fancyhdr)                \addtolength{\topmargin}{-1.59999pt}.

[22 <./output8.png>]

Package fancyhdr Warning: \headheight is too small (12.0pt): 
(fancyhdr)                Make it at least 13.59999pt, for example:
(fancyhdr)                \setlength{\headheight}{13.59999pt}.
(fancyhdr)                You might also make \topmargin smaller to compensate:

(fancyhdr)                \addtolength{\topmargin}{-1.59999pt}.

[23 <./output9.png>]
<profiling1.png, id=91, 749.04843pt x 431.36156pt>
File: profiling1.png Graphic file (type png)
<use profiling1.png>
Package pdftex.def Info: profiling1.png  used on input line 116.
(pdftex.def)             Requested size: 524.33032pt x 301.95103pt.

Overfull \hbox (12.1807pt too wide) in paragraph at lines 116--116
 [][] 
 []

<profiling2.png, id=92, 755.82375pt x 429.10312pt>
File: profiling2.png Graphic file (type png)
<use profiling2.png>
Package pdftex.def Info: profiling2.png  used on input line 117.
(pdftex.def)             Requested size: 529.07301pt x 300.37013pt.

Overfull \hbox (16.92339pt too wide) in paragraph at lines 117--117
 [][] 
 []


Package fancyhdr Warning: \headheight is too small (12.0pt): 
(fancyhdr)                Make it at least 13.59999pt, for example:
(fancyhdr)                \setlength{\headheight}{13.59999pt}.
(fancyhdr)                You might also make \topmargin smaller to compensate:

(fancyhdr)                \addtolength{\topmargin}{-1.59999pt}.

[24 <./profiling1.png> <./profiling2.png>]
<debug1.png, id=96, 1026.08344pt x 544.28343pt>
File: debug1.png Graphic file (type png)
<use debug1.png>
Package pdftex.def Info: debug1.png  used on input line 125.
(pdftex.def)             Requested size: 1026.08093pt x 544.2821pt.

Overfull \hbox (513.9313pt too wide) in paragraph at lines 125--125
 [][] 
 []

<debug2.png, id=97, 1027.58907pt x 544.28343pt>
File: debug2.png Graphic file (type png)
<use debug2.png>
Package pdftex.def Info: debug2.png  used on input line 126.
(pdftex.def)             Requested size: 616.5582pt x 326.57257pt.

Overfull \hbox (104.40857pt too wide) in paragraph at lines 126--126
 [][] 
 []


Package fancyhdr Warning: \headheight is too small (12.0pt): 
(fancyhdr)                Make it at least 13.59999pt, for example:
(fancyhdr)                \setlength{\headheight}{13.59999pt}.
(fancyhdr)                You might also make \topmargin smaller to compensate:

(fancyhdr)                \addtolength{\topmargin}{-1.59999pt}.

[25 <./debug1.png>]
<debug3.png, id=102, 1026.08344pt x 548.80031pt>
File: debug3.png Graphic file (type png)
<use debug3.png>
Package pdftex.def Info: debug3.png  used on input line 127.
(pdftex.def)             Requested size: 615.65482pt x 329.28271pt.

Overfull \hbox (103.50519pt too wide) in paragraph at lines 127--127
 [][] 
 []

<debug4.png, id=103, 1026.83624pt x 546.54187pt>
File: debug4.png Graphic file (type png)
<use debug4.png>
Package pdftex.def Info: debug4.png  used on input line 128.
(pdftex.def)             Requested size: 1026.83374pt x 546.54053pt.

Overfull \hbox (514.68411pt too wide) in paragraph at lines 128--128
 [][] 
 []


Package fancyhdr Warning: \headheight is too small (12.0pt): 
(fancyhdr)                Make it at least 13.59999pt, for example:
(fancyhdr)                \setlength{\headheight}{13.59999pt}.
(fancyhdr)                You might also make \topmargin smaller to compensate:

(fancyhdr)                \addtolength{\topmargin}{-1.59999pt}.

[26 <./debug2.png> <./debug3.png>]
<debug5.png, id=107, 1025.33063pt x 546.54187pt>
File: debug5.png Graphic file (type png)
<use debug5.png>
Package pdftex.def Info: debug5.png  used on input line 129.
(pdftex.def)             Requested size: 615.20313pt x 327.92764pt.

Overfull \hbox (103.0535pt too wide) in paragraph at lines 129--129
 [][] 
 []


Package fancyhdr Warning: \headheight is too small (12.0pt): 
(fancyhdr)                Make it at least 13.59999pt, for example:
(fancyhdr)                \setlength{\headheight}{13.59999pt}.
(fancyhdr)                You might also make \topmargin smaller to compensate:

(fancyhdr)                \addtolength{\topmargin}{-1.59999pt}.

[27 <./debug4.png>]
<debug6.png, id=111, 1026.83624pt x 545.03625pt>
File: debug6.png Graphic file (type png)
<use debug6.png>
Package pdftex.def Info: debug6.png  used on input line 130.
(pdftex.def)             Requested size: 616.1065pt x 327.02428pt.

Overfull \hbox (103.95688pt too wide) in paragraph at lines 130--130
 [][] 
 []

<debug7.png, id=112, 1028.34187pt x 546.54187pt>
File: debug7.png Graphic file (type png)
<use debug7.png>
Package pdftex.def Info: debug7.png  used on input line 131.
(pdftex.def)             Requested size: 617.00989pt x 327.92764pt.

Overfull \hbox (104.86026pt too wide) in paragraph at lines 131--131
 [][] 
 []


Package fancyhdr Warning: \headheight is too small (12.0pt): 
(fancyhdr)                Make it at least 13.59999pt, for example:
(fancyhdr)                \setlength{\headheight}{13.59999pt}.
(fancyhdr)                You might also make \topmargin smaller to compensate:

(fancyhdr)                \addtolength{\topmargin}{-1.59999pt}.

[28 <./debug5.png> <./debug6.png>]

Package fancyhdr Warning: \headheight is too small (12.0pt): 
(fancyhdr)                Make it at least 13.59999pt, for example:
(fancyhdr)                \setlength{\headheight}{13.59999pt}.
(fancyhdr)                You might also make \topmargin smaller to compensate:

(fancyhdr)                \addtolength{\topmargin}{-1.59999pt}.

[29 <./debug7.png>]

Package fancyhdr Warning: \headheight is too small (12.0pt): 
(fancyhdr)                Make it at least 13.59999pt, for example:
(fancyhdr)                \setlength{\headheight}{13.59999pt}.
(fancyhdr)                You might also make \topmargin smaller to compensate:

(fancyhdr)                \addtolength{\topmargin}{-1.59999pt}.

[30] (./pp assignment.aux) ) 
Here is how much of TeX's memory you used:
 6896 strings out of 475075
 107138 string characters out of 5783001
 739363 words of memory out of 5000000
 28213 multiletter control sequences out of 15000+600000
 471477 words of font info for 35 fonts, out of 8000000 for 9000
 1141 hyphenation exceptions out of 8191
 60i,12n,67p,256b,1923s stack positions out of 10000i,1000n,20000p,200000b,200000s
{c:/texlive/2022/texmf-dist/fonts/enc/dvips/cm-supe
r/cm-super-ts1.enc}<c:/texlive/2022/texmf-dist/fonts/type1/public/amsfonts/cm/c
mbx10.pfb><c:/texlive/2022/texmf-dist/fonts/type1/public/amsfonts/cm/cmbx12.pfb
><c:/texlive/2022/texmf-dist/fonts/type1/public/amsfonts/cm/cmmi10.pfb><c:/texl
ive/2022/texmf-dist/fonts/type1/public/amsfonts/cm/cmr10.pfb><c:/texlive/2022/t
exmf-dist/fonts/type1/public/amsfonts/cm/cmsy10.pfb><c:/texlive/2022/texmf-dist
/fonts/type1/public/amsfonts/cm/cmti10.pfb><c:/texlive/2022/texmf-dist/fonts/ty
pe1/public/cm-super/sfrm1095.pfb>
Output written on "pp assignment.pdf" (30 pages, 1139512 bytes).
PDF statistics:
 154 PDF objects out of 1000 (max. 8388607)
 89 compressed objects within 1 object stream
 0 named destinations out of 1000 (max. 500000)
 91 words of extra memory for PDF output out of 10000 (max. 10000000)

